parking2/app/build/intermediates/manifest_merge_blame_file/debug/manifest-merger-blame-debug-report.txt
1<?xml version="1.0" encoding="utf-8"?>
2<manifest xmlns:android="http://schemas.android.com/apk/res/android"
3    package="com.example.parking"
4    android:versionCode="1"
5    android:versionName="1.0" >
6
7    <uses-sdk
8        android:minSdkVersion="16"
8-->src\main\AndroidManifest.xml
9        android:targetSdkVersion="28" />
9-->src\main\AndroidManifest.xml
10
11    <uses-permission android:name="android.permission.INTERNET" />
11-->src\main\AndroidManifest.xml:6:5-67
11-->src\main\AndroidManifest.xml:6:22-64
12
13    <!-- Although the *SdkVersion is captured in gradle build files, this is required for non gradle builds -->
14    <!-- <uses-sdk android:minSdkVersion="14"/> -->
15    <uses-permission android:name="android.permission.ACCESS_NETWORK_STATE" />
15-->[com.google.firebase:firebase-database:19.2.0] AndroidManifest.xml:25:5-79
15-->[com.google.firebase:firebase-database:19.2.0] AndroidManifest.xml:25:22-76
16
17    <application
17-->src\main\AndroidManifest.xml:8:5-27:19
18        android:name="com.example.parking.AppCtx"
18-->src\main\AndroidManifest.xml:8:18-40
19        android:allowBackup="true"
19-->src\main\AndroidManifest.xml:9:9-35
20        android:appComponentFactory="androidx.core.app.CoreComponentFactory"
20-->[androidx.core:core:1.1.0] AndroidManifest.xml:24:18-86
21        android:debuggable="true"
22        android:icon="@mipmap/ic_launcher"
22-->src\main\AndroidManifest.xml:10:9-43
23        android:label="@string/app_name"
23-->src\main\AndroidManifest.xml:11:9-41
24        android:roundIcon="@mipmap/ic_launcher_round"
24-->src\main\AndroidManifest.xml:12:9-54
25        android:supportsRtl="true"
25-->src\main\AndroidManifest.xml:13:9-35
26        android:testOnly="true"
27        android:theme="@style/AppTheme" >
27-->src\main\AndroidManifest.xml:14:9-40
28        <activity android:name="com.example.parking.MainActivity" >
28-->src\main\AndroidManifest.xml:15:9-21:20
28-->src\main\AndroidManifest.xml:15:19-47
29            <intent-filter>
29-->src\main\AndroidManifest.xml:16:13-20:29
30                <action android:name="android.intent.action.MAIN" />
30-->src\main\AndroidManifest.xml:17:17-69
30-->src\main\AndroidManifest.xml:17:25-66
31
32                <category android:name="android.intent.category.LAUNCHER" />
32-->src\main\AndroidManifest.xml:19:17-77
32-->src\main\AndroidManifest.xml:19:27-74
33            </intent-filter>
34        </activity>
35        <activity android:name="com.example.parking.Register" />
35-->src\main\AndroidManifest.xml:22:9-55
35-->src\main\AndroidManifest.xml:22:19-43
36        <activity android:name="com.example.parking.Profile" />
36-->src\main\AndroidManifest.xml:23:9-54
36-->src\main\AndroidManifest.xml:23:19-42
37        <activity android:name="com.example.parking.changePassword" />
37-->src\main\AndroidManifest.xml:24:9-61
37-->src\main\AndroidManifest.xml:24:19-49
38        <activity android:name="com.example.parking.changePermit" />
38-->src\main\AndroidManifest.xml:25:9-59
38-->src\main\AndroidManifest.xml:25:19-47
39        <activity android:name="com.example.parking.HomePage" />
39-->src\main\AndroidManifest.xml:26:9-55
39-->src\main\AndroidManifest.xml:26:19-43
40        <activity
40-->[com.google.firebase:firebase-auth:19.1.0] AndroidManifest.xml:24:9-31:50
41            android:name="com.google.firebase.auth.internal.FederatedSignInActivity"
41-->[com.google.firebase:firebase-auth:19.1.0] AndroidManifest.xml:25:13-85
42            android:excludeFromRecents="true"
42-->[com.google.firebase:firebase-auth:19.1.0] AndroidManifest.xml:26:13-46
43            android:exported="true"
43-->[com.google.firebase:firebase-auth:19.1.0] AndroidManifest.xml:27:13-36
44            android:launchMode="singleTask"
44-->[com.google.firebase:firebase-auth:19.1.0] AndroidManifest.xml:28:13-44
45            android:permission="com.google.firebase.auth.api.gms.permission.LAUNCH_FEDERATED_SIGN_IN"
45-->[com.google.firebase:firebase-auth:19.1.0] AndroidManifest.xml:29:13-102
46            android:theme="@android:style/Theme.Translucent.NoTitleBar" />
46-->[com.google.firebase:firebase-auth:19.1.0] AndroidManifest.xml:30:13-72
47
48        <service
48-->[com.google.firebase:firebase-auth:19.1.0] AndroidManifest.xml:33:9-39:19
49            android:name="com.google.firebase.components.ComponentDiscoveryService"
49-->[com.google.firebase:firebase-auth:19.1.0] AndroidManifest.xml:34:13-84
50            android:directBootAware="true"
50-->[com.google.firebase:firebase-common:19.2.0] AndroidManifest.xml:15:13-43
51            android:exported="false" >
51-->[com.google.firebase:firebase-auth:19.1.0] AndroidManifest.xml:35:13-37
52            <meta-data
52-->[com.google.firebase:firebase-auth:19.1.0] AndroidManifest.xml:36:13-38:85
53                android:name="com.google.firebase.components:com.google.firebase.auth.FirebaseAuthRegistrar"
53-->[com.google.firebase:firebase-auth:19.1.0] AndroidManifest.xml:37:17-109
54                android:value="com.google.firebase.components.ComponentRegistrar" />
54-->[com.google.firebase:firebase-auth:19.1.0] AndroidManifest.xml:38:17-82
55            <meta-data
55-->[com.google.firebase:firebase-database:19.2.0] AndroidManifest.xml:32:13-34:85
56                android:name="com.google.firebase.components:com.google.firebase.database.DatabaseRegistrar"
56-->[com.google.firebase:firebase-database:19.2.0] AndroidManifest.xml:33:17-109
57                android:value="com.google.firebase.components.ComponentRegistrar" />
57-->[com.google.firebase:firebase-database:19.2.0] AndroidManifest.xml:34:17-82
58        </service>
59
60        <activity
60-->[com.google.android.gms:play-services-base:17.1.0] AndroidManifest.xml:23:9-26:75
61            android:name="com.google.android.gms.common.api.GoogleApiActivity"
61-->[com.google.android.gms:play-services-base:17.1.0] AndroidManifest.xml:24:13-79
62            android:exported="false"
62-->[com.google.android.gms:play-services-base:17.1.0] AndroidManifest.xml:25:13-37
63            android:theme="@android:style/Theme.Translucent.NoTitleBar" />
63-->[com.google.android.gms:play-services-base:17.1.0] AndroidManifest.xml:26:13-72
64
65        <provider
65-->[com.google.firebase:firebase-common:19.2.0] AndroidManifest.xml:19:9-23:39
66            android:name="com.google.firebase.provider.FirebaseInitProvider"
66-->[com.google.firebase:firebase-common:19.2.0] AndroidManifest.xml:20:13-77
67            android:authorities="com.example.parking.firebaseinitprovider"
67-->[com.google.firebase:firebase-common:19.2.0] AndroidManifest.xml:21:13-72
68            android:exported="false"
68-->[com.google.firebase:firebase-common:19.2.0] AndroidManifest.xml:22:13-37
69            android:initOrder="100" />
69-->[com.google.firebase:firebase-common:19.2.0] AndroidManifest.xml:23:13-36
70
71        <meta-data
71-->[com.google.android.gms:play-services-basement:17.0.0] AndroidManifest.xml:23:9-25:69
72            android:name="com.google.android.gms.version"
72-->[com.google.android.gms:play-services-basement:17.0.0] AndroidManifest.xml:24:13-58
73            android:value="@integer/google_play_services_version" />
73-->[com.google.android.gms:play-services-basement:17.0.0] AndroidManifest.xml:25:13-66
74    </application>
75
76</manifest>